[2026-01-18 09:33:14] INFO: The file « {new_file_path_copy.name} » has already been uploaded
[2026-01-18 09:34:17] INFO: The file « {new_file_path_copy.name} » has already been uploaded
[2026-01-18 09:35:14] INFO: The file « {new_file_path_copy.name} » has already been uploaded
[2026-01-18 09:41:10] INFO: The file « LOGPRO014.csv » has already been uploaded
[2026-01-18 09:41:13] INFO: Upload aborted
[2026-01-18 09:41:19] INFO: The file « LOGPRO014.csv » has already been uploaded
[2026-01-18 09:41:22] INFO: File copied
[2026-01-18 10:10:46] INFO: File copied
[2026-01-18 10:11:02] INFO: The file « LOGPRO014.csv » has already been uploaded
[2026-01-18 10:11:09] INFO: Upload aborted
[2026-01-18 10:14:41] INFO: The file « LOGPRO014.csv » has already been uploaded
[2026-01-18 10:14:43] INFO: Upload aborted
[2026-01-18 10:14:48] INFO: The file « 2026-01-04-XVV-FVN005-02.IGC » has already been uploaded
[2026-01-18 10:14:49] INFO: File copied
[2026-01-18 10:25:18] INFO: The file « LOGPRO014.csv » has already been uploaded
[2026-01-18 10:25:19] INFO: File copied
[2026-01-18 10:25:20] INFO: CSV
[2026-01-18 10:25:24] INFO: The file « 2026-01-04-XVV-FVN005-02.IGC » has already been uploaded
[2026-01-18 10:25:25] INFO: File copied
[2026-01-18 10:26:13] INFO: The file « 2026-01-04-XVV-FVN005-02.IGC » has already been uploaded
[2026-01-18 10:26:15] INFO: File copied
[2026-01-18 10:26:16] INFO: IGC
[2026-01-18 10:33:41] INFO: The file « LOGPRO014.csv » has already been uploaded
[2026-01-18 10:33:43] INFO: File copied
[2026-01-19 14:29:40] INFO: File copied
[2026-01-19 14:29:49] INFO: Converting .igc file to .vva
[2026-01-19 14:45:15] INFO: The file « 2026-01-04-XVV-FVN005-02.IGC » has already been uploaded
[2026-01-19 14:45:17] INFO: File copied
[2026-01-19 14:45:18] INFO: Converting .igc file to .vva
[2026-01-19 14:47:11] INFO: The file « 2026-01-04-XVV-FVN005-02.IGC » has already been uploaded
[2026-01-19 14:47:12] INFO: File copied
[2026-01-19 14:47:13] INFO: Converting .igc file to .vva
[2026-01-19 14:51:26] INFO: The file « 2026-01-04-XVV-FVN005-02.IGC » has already been uploaded
[2026-01-19 14:51:27] INFO: File copied
[2026-01-19 14:51:27] INFO: Converting .igc file to .vva
[2026-01-19 15:13:33] INFO: The file « 2026-01-04-XVV-FVN005-02.IGC » has already been uploaded
[2026-01-19 15:13:34] INFO: File copied
[2026-01-19 15:14:53] INFO: The file « 2026-01-04-XVV-FVN005-02.IGC » has already been uploaded
[2026-01-19 15:14:54] INFO: File copied
[2026-01-19 15:16:48] INFO: The file « 2026-01-04-XVV-FVN005-02.IGC » has already been uploaded
[2026-01-19 15:16:50] INFO: File copied
[2026-01-19 15:17:52] INFO: The file « 2026-01-04-XVV-FVN005-02.IGC » has already been uploaded
[2026-01-19 15:17:53] INFO: File copied
[2026-01-19 15:19:04] INFO: The file « 2026-01-04-XVV-FVN005-02.IGC » has already been uploaded
[2026-01-19 15:19:05] INFO: File copied
[2026-01-19 15:19:07] INFO: Converting .igc file to .vva
[2026-01-19 15:20:02] INFO: The file « 2026-01-04-XVV-FVN005-02.IGC » has already been uploaded
[2026-01-19 15:20:03] INFO: File copied
[2026-01-19 15:20:04] INFO: Converting .igc file to .vva
[2026-01-19 15:28:02] INFO: File copied
[2026-01-19 15:28:22] INFO: Converting .igc file to .vva
